<?xml version="1.0" encoding="UTF-8"?>
<!-- Generated by org.testng.reporters.JUnitXMLReporter -->
<testsuite ignored="0" hostname="DESKTOP-NNARKCF" failures="0" tests="6" name="Default test" time="40.727" errors="0" timestamp="2023-03-30T21:10:35 NZDT">
  <testcase classname="buggyCarAutomation.StepDefinitions" name="LoginCase" time="4.85"/>
  <testcase classname="buggyCarAutomation.StepDefinitions" name="NavigateCase" time="15.284"/>
  <testcase classname="buggyCarAutomation.StepDefinitions" name="ProfileCase" time="6.998"/>
  <testcase classname="buggyCarAutomation.StepDefinitions" name="RegisterCase" time="4.425"/>
  <testcase classname="buggyCarAutomation.StepDefinitions" name="VotingCase" time="9.106"/>
  <testcase classname="buggyCarAutomation.StepDefinitions" name="logFile" time="0.006"/>
</testsuite> <!-- Default test -->
